# JRE version: OpenJDK Runtime Environment (8.0_242-b01) (build 1.8.0_242-release-1644-b01)
# Java VM: OpenJDK 64-Bit Server VM (25.242-b01 mixed mode windows-amd64 compressed oops)
Heap:
 PSYoungGen      total 547328K, used 48339K [0x00000000d5580000, 0x0000000100000000, 0x0000000100000000)
  eden space 395776K, 5% used [0x00000000d5580000,0x00000000d6a2e8e0,0x00000000ed800000)
  from space 151552K, 17% used [0x00000000ed800000,0x00000000ef286678,0x00000000f6c00000)
  to   space 146944K, 0% used [0x00000000f7080000,0x00000000f7080000,0x0000000100000000)
 ParOldGen       total 316928K, used 176564K [0x0000000080000000, 0x0000000093580000, 0x00000000d5580000)
  object space 316928K, 55% used [0x0000000080000000,0x000000008ac6d2d8,0x0000000093580000)
 Metaspace       used 115486K, capacity 122558K, committed 124200K, reserved 1157120K
  class space    used 14835K, capacity 16086K, committed 16432K, reserved 1048576K
GC Heap History (10 events):
Event: 5405.547 GC heap before
{Heap before GC invocations=31 (full 5):
 PSYoungGen      total 560640K, used 560439K [0x00000000d5580000, 0x00000000fd480000, 0x0000000100000000)
  eden space 498688K, 100% used [0x00000000d5580000,0x00000000f3c80000,0x00000000f3c80000)
  from space 61952K, 99% used [0x00000000f5680000,0x00000000f92cde90,0x00000000f9300000)
  to   space 67072K, 0% used [0x00000000f9300000,0x00000000f9300000,0x00000000fd480000)
 ParOldGen       total 272896K, used 161310K [0x0000000080000000, 0x0000000090a80000, 0x00000000d5580000)
  object space 272896K, 59% used [0x0000000080000000,0x0000000089d87a38,0x0000000090a80000)
 Metaspace       used 116100K, capacity 123830K, committed 123944K, reserved 1157120K
  class space    used 14995K, capacity 16391K, committed 16432K, reserved 1048576K
Event: 5405.600 GC heap after
Heap after GC invocations=31 (full 5):
 PSYoungGen      total 568832K, used 64315K [0x00000000d5580000, 0x00000000ff400000, 0x0000000100000000)
  eden space 501760K, 0% used [0x00000000d5580000,0x00000000d5580000,0x00000000f3f80000)
  from space 67072K, 95% used [0x00000000f9300000,0x00000000fd1cef70,0x00000000fd480000)
  to   space 85504K, 0% used [0x00000000f3f80000,0x00000000f3f80000,0x00000000f9300000)
 ParOldGen       total 272896K, used 161318K [0x0000000080000000, 0x0000000090a80000, 0x00000000d5580000)
  object space 272896K, 59% used [0x0000000080000000,0x0000000089d89a38,0x0000000090a80000)
 Metaspace       used 116100K, capacity 123830K, committed 123944K, reserved 1157120K
  class space    used 14995K, capacity 16391K, committed 16432K, reserved 1048576K
}
Event: 5409.549 GC heap before
{Heap before GC invocations=32 (full 5):
 PSYoungGen      total 568832K, used 566075K [0x00000000d5580000, 0x00000000ff400000, 0x0000000100000000)
  eden space 501760K, 100% used [0x00000000d5580000,0x00000000f3f80000,0x00000000f3f80000)
  from space 67072K, 95% used [0x00000000f9300000,0x00000000fd1cef70,0x00000000fd480000)
  to   space 85504K, 0% used [0x00000000f3f80000,0x00000000f3f80000,0x00000000f9300000)
 ParOldGen       total 272896K, used 161318K [0x0000000080000000, 0x0000000090a80000, 0x00000000d5580000)
  object space 272896K, 59% used [0x0000000080000000,0x0000000089d89a38,0x0000000090a80000)
 Metaspace       used 116223K, capacity 123992K, committed 124200K, reserved 1157120K
  class space    used 14997K, capacity 16392K, committed 16432K, reserved 1048576K
Event: 5409.973 GC heap after
Heap after GC invocations=32 (full 5):
 PSYoungGen      total 587264K, used 85483K [0x00000000d5580000, 0x0000000100000000, 0x0000000100000000)
  eden space 501760K, 0% used [0x00000000d5580000,0x00000000d5580000,0x00000000f3f80000)
  from space 85504K, 99% used [0x00000000f3f80000,0x00000000f92fae68,0x00000000f9300000)
  to   space 110592K, 0% used [0x00000000f9400000,0x00000000f9400000,0x0000000100000000)
 ParOldGen       total 272896K, used 191190K [0x0000000080000000, 0x0000000090a80000, 0x00000000d5580000)
  object space 272896K, 70% used [0x0000000080000000,0x000000008bab5ae0,0x0000000090a80000)
 Metaspace       used 116223K, capacity 123992K, committed 124200K, reserved 1157120K
  class space    used 14997K, capacity 16392K, committed 16432K, reserved 1048576K
}
Event: 5415.324 GC heap before
{Heap before GC invocations=33 (full 5):
 PSYoungGen      total 587264K, used 587243K [0x00000000d5580000, 0x0000000100000000, 0x0000000100000000)
  eden space 501760K, 100% used [0x00000000d5580000,0x00000000f3f80000,0x00000000f3f80000)
  from space 85504K, 99% used [0x00000000f3f80000,0x00000000f92fae68,0x00000000f9300000)
  to   space 110592K, 0% used [0x00000000f9400000,0x00000000f9400000,0x0000000100000000)
 ParOldGen       total 272896K, used 191190K [0x0000000080000000, 0x0000000090a80000, 0x00000000d5580000)
  object space 272896K, 70% used [0x0000000080000000,0x000000008bab5ae0,0x0000000090a80000)
 Metaspace       used 116248K, capacity 123992K, committed 124200K, reserved 1157120K
  class space    used 14997K, capacity 16392K, committed 16432K, reserved 1048576K
Event: 5415.804 GC heap after
Heap after GC invocations=33 (full 5):
 PSYoungGen      total 506368K, used 110570K [0x00000000d5580000, 0x0000000100000000, 0x0000000100000000)
  eden space 395776K, 0% used [0x00000000d5580000,0x00000000d5580000,0x00000000ed800000)
  from space 110592K, 99% used [0x00000000f9400000,0x00000000ffffa8b0,0x0000000100000000)
  to   space 151552K, 0% used [0x00000000ed800000,0x00000000ed800000,0x00000000f6c00000)
 ParOldGen       total 272896K, used 252372K [0x0000000080000000, 0x0000000090a80000, 0x00000000d5580000)
  object space 272896K, 92% used [0x0000000080000000,0x000000008f675210,0x0000000090a80000)
 Metaspace       used 116248K, capacity 123992K, committed 124200K, reserved 1157120K
  class space    used 14997K, capacity 16392K, committed 16432K, reserved 1048576K
}
Event: 5415.848 GC heap before
{Heap before GC invocations=34 (full 6):
 PSYoungGen      total 506368K, used 110570K [0x00000000d5580000, 0x0000000100000000, 0x0000000100000000)
  eden space 395776K, 0% used [0x00000000d5580000,0x00000000d5580000,0x00000000ed800000)
  from space 110592K, 99% used [0x00000000f9400000,0x00000000ffffa8b0,0x0000000100000000)
  to   space 151552K, 0% used [0x00000000ed800000,0x00000000ed800000,0x00000000f6c00000)
 ParOldGen       total 272896K, used 252372K [0x0000000080000000, 0x0000000090a80000, 0x00000000d5580000)
  object space 272896K, 92% used [0x0000000080000000,0x000000008f675210,0x0000000090a80000)
 Metaspace       used 116248K, capacity 123992K, committed 124200K, reserved 1157120K
  class space    used 14997K, capacity 16392K, committed 16432K, reserved 1048576K
Event: 5422.582 GC heap after
Heap after GC invocations=34 (full 6):
 PSYoungGen      total 506368K, used 0K [0x00000000d5580000, 0x0000000100000000, 0x0000000100000000)
  eden space 395776K, 0% used [0x00000000d5580000,0x00000000d5580000,0x00000000ed800000)
  from space 110592K, 0% used [0x00000000f9400000,0x00000000f9400000,0x0000000100000000)
  to   space 151552K, 0% used [0x00000000ed800000,0x00000000ed800000,0x00000000f6c00000)
 ParOldGen       total 316928K, used 176556K [0x0000000080000000, 0x0000000093580000, 0x00000000d5580000)
  object space 316928K, 55% used [0x0000000080000000,0x000000008ac6b2d8,0x0000000093580000)
 Metaspace       used 115380K, capacity 122430K, committed 124200K, reserved 1157120K
  class space    used 14831K, capacity 16080K, committed 16432K, reserved 1048576K
}
Event: 5623.894 GC heap before
{Heap before GC invocations=35 (full 6):
 PSYoungGen      total 506368K, used 395776K [0x00000000d5580000, 0x0000000100000000, 0x0000000100000000)
  eden space 395776K, 100% used [0x00000000d5580000,0x00000000ed800000,0x00000000ed800000)
  from space 110592K, 0% used [0x00000000f9400000,0x00000000f9400000,0x0000000100000000)
  to   space 151552K, 0% used [0x00000000ed800000,0x00000000ed800000,0x00000000f6c00000)
 ParOldGen       total 316928K, used 176556K [0x0000000080000000, 0x0000000093580000, 0x00000000d5580000)
  object space 316928K, 55% used [0x0000000080000000,0x000000008ac6b2d8,0x0000000093580000)
 Metaspace       used 115486K, capacity 122558K, committed 124200K, reserved 1157120K
  class space    used 14835K, capacity 16086K, committed 16432K, reserved 1048576K
Event: 5624.738 GC heap after
Heap after GC invocations=35 (full 6):
 PSYoungGen      total 547328K, used 27161K [0x00000000d5580000, 0x0000000100000000, 0x0000000100000000)
  eden space 395776K, 0% used [0x00000000d5580000,0x00000000d5580000,0x00000000ed800000)
  from space 151552K, 17% used [0x00000000ed800000,0x00000000ef286678,0x00000000f6c00000)
  to   space 146944K, 0% used [0x00000000f7080000,0x00000000f7080000,0x0000000100000000)
 ParOldGen       total 316928K, used 176564K [0x0000000080000000, 0x0000000093580000, 0x00000000d5580000)
  object space 316928K, 55% used [0x0000000080000000,0x000000008ac6d2d8,0x0000000093580000)
 Metaspace       used 115486K, capacity 122558K, committed 124200K, reserved 1157120K
  class space    used 14835K, capacity 16086K, committed 16432K, reserved 1048576K
}

